2025-07-05 17:40:51 update dependencies
2025-11-25 05:39:45 style improvements
2025-03-18 00:22:10 experimental changes
2025-07-23 13:08:05 update constants
2025-09-10 12:02:04 minor refactor
2025-01-08 06:30:57 fix crash issue
2025-01-19 23:54:28 add logging
2025-03-29 03:54:12 fix misconfiguration
2025-05-18 09:31:14 clean project structure
2025-09-25 10:27:56 improve security
2025-02-11 20:40:17 refactor tests
2025-08-21 03:14:05 improve logging format
2025-09-10 06:31:03 update constants
2025-06-09 10:02:29 fix typo in docs
2025-05-02 15:09:56 add integration tests
2025-11-15 05:36:42 fix bug
2025-04-26 00:23:33 update logging
2025-09-22 12:19:37 update configs for prod
2025-07-23 03:49:39 security patch
2025-12-23 18:58:13 add example file
2025-01-29 08:18:40 update docs with examples
2025-12-08 21:25:52 update database schema
2025-12-17 22:16:22 temporary fix
2025-01-12 22:12:06 update version
2025-03-31 01:01:24 style improvements
2025-11-16 14:58:22 style improvements
2025-05-02 06:52:57 security patch
2025-08-29 16:43:17 add sample data
2025-02-26 05:07:39 add tests
2025-08-26 12:32:13 add example file
2025-11-06 21:38:46 fix typo in docs
